<?xml version="1.0" encoding="UTF-8"?>
<!-- Generated by org.testng.reporters.JUnitXMLReporter -->
<testsuite ignored="0" hostname="TML-CT-SATISH" failures="0" tests="6" name="Test" time="0.067" errors="0" timestamp="12 May 2021 15:58:10 GMT">
  <testcase classname="qaclickacademy.SeleniumTest" name="BrowserAUtomation" time="0.015"/>
  <testcase classname="qaclickacademy.SeleniumTest" name="elementsUi" time="0.001"/>
  <testcase classname="qaclickacademy.RESTAPITest" name="deleteTwitter" time="0.002"/>
  <testcase classname="qaclickacademy.RESTAPITest" name="postJira" time="0.004"/>
  <testcase classname="qaclickacademy.AppiumTest" name="IOSApps" time="0.002"/>
  <testcase classname="qaclickacademy.AppiumTest" name="NativeAPpAndroid" time="0.001"/>
</testsuite> <!-- Test -->
