<?xml version="1.0" encoding="UTF-8"?>
<testng-results ignored="0" total="6" passed="6" failed="0" skipped="0">
  <reporter-output>
  </reporter-output>
  <suite started-at="2021-05-12T15:58:10Z" name="Suite" finished-at="2021-05-12T15:58:10Z" duration-ms="67">
    <groups>
    </groups>
    <test started-at="2021-05-12T15:58:10Z" name="Test" finished-at="2021-05-12T15:58:10Z" duration-ms="67">
      <class name="qaclickacademy.AppiumTest">
        <test-method signature="IOSApps()[pri:0, instance:qaclickacademy.AppiumTest@6156496]" started-at="2021-05-12T15:58:10Z" name="IOSApps" finished-at="2021-05-12T15:58:10Z" duration-ms="2" status="PASS">
          <reporter-output>
          </reporter-output>
        </test-method> <!-- IOSApps -->
        <test-method signature="NativeAPpAndroid()[pri:0, instance:qaclickacademy.AppiumTest@6156496]" started-at="2021-05-12T15:58:10Z" name="NativeAPpAndroid" finished-at="2021-05-12T15:58:10Z" duration-ms="1" status="PASS">
          <reporter-output>
          </reporter-output>
        </test-method> <!-- NativeAPpAndroid -->
      </class> <!-- qaclickacademy.AppiumTest -->
      <class name="qaclickacademy.RESTAPITest">
        <test-method signature="deleteTwitter()[pri:0, instance:qaclickacademy.RESTAPITest@5ad851c9]" started-at="2021-05-12T15:58:10Z" name="deleteTwitter" finished-at="2021-05-12T15:58:10Z" duration-ms="2" status="PASS">
          <reporter-output>
          </reporter-output>
        </test-method> <!-- deleteTwitter -->
        <test-method signature="postJira()[pri:0, instance:qaclickacademy.RESTAPITest@5ad851c9]" started-at="2021-05-12T15:58:10Z" name="postJira" finished-at="2021-05-12T15:58:10Z" duration-ms="4" status="PASS">
          <reporter-output>
          </reporter-output>
        </test-method> <!-- postJira -->
      </class> <!-- qaclickacademy.RESTAPITest -->
      <class name="qaclickacademy.SeleniumTest">
        <test-method signature="BrowserAUtomation()[pri:0, instance:qaclickacademy.SeleniumTest@5c1a8622]" started-at="2021-05-12T15:58:10Z" name="BrowserAUtomation" finished-at="2021-05-12T15:58:10Z" duration-ms="15" status="PASS">
          <reporter-output>
          </reporter-output>
        </test-method> <!-- BrowserAUtomation -->
        <test-method signature="elementsUi()[pri:0, instance:qaclickacademy.SeleniumTest@5c1a8622]" started-at="2021-05-12T15:58:10Z" name="elementsUi" finished-at="2021-05-12T15:58:10Z" duration-ms="1" status="PASS">
          <reporter-output>
          </reporter-output>
        </test-method> <!-- elementsUi -->
      </class> <!-- qaclickacademy.SeleniumTest -->
    </test> <!-- Test -->
  </suite> <!-- Suite -->
</testng-results>
